# JRE version: Java(TM) SE Runtime Environment (17.0.12+8) (build 17.0.12+8-LTS-286)
# Java VM: Java HotSpot(TM) 64-Bit Server VM (17.0.12+8-LTS-286, mixed mode, sharing, tiered, compressed oops, compressed class ptrs, g1 gc, windows-amd64)
GC Precious Log:
 CPUs: 4 total, 4 available
 Memory: 7983M
 Large Page Support: Disabled
 NUMA Support: Disabled
 Compressed Oops: Enabled (32-bit)
 Heap Region Size: 1M
 Heap Min Capacity: 8M
 Heap Initial Capacity: 8M
 Heap Max Capacity: 1996M
 Pre-touch: Disabled
 Parallel Workers: 4
 Concurrent Workers: 1
 Concurrent Refinement Workers: 4
 Periodic GC: Disabled
Heap:
 garbage-first heap   total 45056K, used 30906K [0x0000000083400000, 0x0000000100000000)
  region size 1024K, 6 young (6144K), 1 survivors (1024K)
 Metaspace       used 9224K, committed 9408K, reserved 1114112K
  class space    used 1059K, committed 1152K, reserved 1048576K
GC Heap History (20 events):
Event: 9.332 GC heap before
{Heap before GC invocations=5 (full 0):
 garbage-first heap   total 12288K, used 6370K [0x0000000083400000, 0x0000000100000000)
  region size 1024K, 2 young (2048K), 1 survivors (1024K)
 Metaspace       used 2555K, committed 2752K, reserved 1114112K
  class space    used 307K, committed 384K, reserved 1048576K
}
Event: 9.335 GC heap after
{Heap after GC invocations=6 (full 0):
 garbage-first heap   total 12288K, used 6320K [0x0000000083400000, 0x0000000100000000)
  region size 1024K, 1 young (1024K), 1 survivors (1024K)
 Metaspace       used 2555K, committed 2752K, reserved 1114112K
  class space    used 307K, committed 384K, reserved 1048576K
}
Event: 9.353 GC heap before
{Heap before GC invocations=6 (full 0):
 garbage-first heap   total 17408K, used 9392K [0x0000000083400000, 0x0000000100000000)
  region size 1024K, 2 young (2048K), 1 survivors (1024K)
 Metaspace       used 2556K, committed 2752K, reserved 1114112K
  class space    used 307K, committed 384K, reserved 1048576K
}
Event: 9.357 GC heap after
{Heap after GC invocations=7 (full 0):
 garbage-first heap   total 43008K, used 9335K [0x0000000083400000, 0x0000000100000000)
  region size 1024K, 1 young (1024K), 1 survivors (1024K)
 Metaspace       used 2556K, committed 2752K, reserved 1114112K
  class space    used 307K, committed 384K, reserved 1048576K
}
Event: 13.193 GC heap before
{Heap before GC invocations=8 (full 0):
 garbage-first heap   total 43008K, used 18551K [0x0000000083400000, 0x0000000100000000)
  region size 1024K, 10 young (10240K), 1 survivors (1024K)
 Metaspace       used 6649K, committed 6848K, reserved 1114112K
  class space    used 786K, committed 896K, reserved 1048576K
}
Event: 13.209 GC heap after
{Heap after GC invocations=9 (full 0):
 garbage-first heap   total 43008K, used 12665K [0x0000000083400000, 0x0000000100000000)
  region size 1024K, 2 young (2048K), 2 survivors (2048K)
 Metaspace       used 6649K, committed 6848K, reserved 1114112K
  class space    used 786K, committed 896K, reserved 1048576K
}
Event: 13.958 GC heap before
{Heap before GC invocations=9 (full 0):
 garbage-first heap   total 43008K, used 13689K [0x0000000083400000, 0x0000000100000000)
  region size 1024K, 3 young (3072K), 2 survivors (2048K)
 Metaspace       used 7594K, committed 7808K, reserved 1114112K
  class space    used 911K, committed 1024K, reserved 1048576K
}
Event: 13.965 GC heap after
{Heap after GC invocations=10 (full 0):
 garbage-first heap   total 43008K, used 13165K [0x0000000083400000, 0x0000000100000000)
  region size 1024K, 1 young (1024K), 1 survivors (1024K)
 Metaspace       used 7594K, committed 7808K, reserved 1114112K
  class space    used 911K, committed 1024K, reserved 1048576K
}
Event: 15.131 GC heap before
{Heap before GC invocations=10 (full 0):
 garbage-first heap   total 43008K, used 24429K [0x0000000083400000, 0x0000000100000000)
  region size 1024K, 10 young (10240K), 1 survivors (1024K)
 Metaspace       used 8668K, committed 8896K, reserved 1114112K
  class space    used 1005K, committed 1088K, reserved 1048576K
}
Event: 15.142 GC heap after
{Heap after GC invocations=11 (full 0):
 garbage-first heap   total 43008K, used 21726K [0x0000000083400000, 0x0000000100000000)
  region size 1024K, 2 young (2048K), 2 survivors (2048K)
 Metaspace       used 8668K, committed 8896K, reserved 1114112K
  class space    used 1005K, committed 1088K, reserved 1048576K
}
Event: 15.233 GC heap before
{Heap before GC invocations=11 (full 0):
 garbage-first heap   total 43008K, used 24798K [0x0000000083400000, 0x0000000100000000)
  region size 1024K, 6 young (6144K), 2 survivors (2048K)
 Metaspace       used 8713K, committed 8896K, reserved 1114112K
  class space    used 1005K, committed 1088K, reserved 1048576K
}
Event: 15.240 GC heap after
{Heap after GC invocations=12 (full 0):
 garbage-first heap   total 43008K, used 22332K [0x0000000083400000, 0x0000000100000000)
  region size 1024K, 1 young (1024K), 1 survivors (1024K)
 Metaspace       used 8713K, committed 8896K, reserved 1114112K
  class space    used 1005K, committed 1088K, reserved 1048576K
}
Event: 15.343 GC heap before
{Heap before GC invocations=13 (full 0):
 garbage-first heap   total 43008K, used 26428K [0x0000000083400000, 0x0000000100000000)
  region size 1024K, 7 young (7168K), 1 survivors (1024K)
 Metaspace       used 8722K, committed 8896K, reserved 1114112K
  class space    used 1005K, committed 1088K, reserved 1048576K
}
Event: 15.349 GC heap after
{Heap after GC invocations=14 (full 0):
 garbage-first heap   total 43008K, used 22862K [0x0000000083400000, 0x0000000100000000)
  region size 1024K, 1 young (1024K), 1 survivors (1024K)
 Metaspace       used 8722K, committed 8896K, reserved 1114112K
  class space    used 1005K, committed 1088K, reserved 1048576K
}
Event: 15.360 GC heap before
{Heap before GC invocations=14 (full 0):
 garbage-first heap   total 43008K, used 23886K [0x0000000083400000, 0x0000000100000000)
  region size 1024K, 2 young (2048K), 1 survivors (1024K)
 Metaspace       used 8726K, committed 8896K, reserved 1114112K
  class space    used 1005K, committed 1088K, reserved 1048576K
}
Event: 15.365 GC heap after
{Heap after GC invocations=15 (full 0):
 garbage-first heap   total 43008K, used 22640K [0x0000000083400000, 0x0000000100000000)
  region size 1024K, 1 young (1024K), 1 survivors (1024K)
 Metaspace       used 8726K, committed 8896K, reserved 1114112K
  class space    used 1005K, committed 1088K, reserved 1048576K
}
Event: 15.489 GC heap before
{Heap before GC invocations=15 (full 0):
 garbage-first heap   total 43008K, used 28784K [0x0000000083400000, 0x0000000100000000)
  region size 1024K, 7 young (7168K), 1 survivors (1024K)
 Metaspace       used 8752K, committed 8896K, reserved 1114112K
  class space    used 1005K, committed 1088K, reserved 1048576K
}
Event: 15.498 GC heap after
{Heap after GC invocations=16 (full 0):
 garbage-first heap   total 43008K, used 24780K [0x0000000083400000, 0x0000000100000000)
  region size 1024K, 1 young (1024K), 1 survivors (1024K)
 Metaspace       used 8752K, committed 8896K, reserved 1114112K
  class space    used 1005K, committed 1088K, reserved 1048576K
}
Event: 15.594 GC heap before
{Heap before GC invocations=17 (full 0):
 garbage-first heap   total 45056K, used 28876K [0x0000000083400000, 0x0000000100000000)
  region size 1024K, 6 young (6144K), 1 survivors (1024K)
 Metaspace       used 8754K, committed 8960K, reserved 1114112K
  class space    used 1005K, committed 1088K, reserved 1048576K
}
Event: 15.600 GC heap after
{Heap after GC invocations=18 (full 0):
 garbage-first heap   total 45056K, used 26810K [0x0000000083400000, 0x0000000100000000)
  region size 1024K, 1 young (1024K), 1 survivors (1024K)
 Metaspace       used 8754K, committed 8960K, reserved 1114112K
  class space    used 1005K, committed 1088K, reserved 1048576K
}

